81879
112926
112919
112929
112890
112889
112887
112887
112900
112879
112880
112862
112861
112836
112835
112826
112826
112818
112818
112840
112853
112847
112852
112864
112878
112906
112910
112909
112911
112903
112904
112905
112905
112905
112903
112900
112901
112906
112911
112910
112912
112894
112884
112887
112896
112894
112888
112853
112841
112833
112825
112836
112837
112817
112833
112826
112824
112826
112826
112822
112839
112838
112819
112821
112805
112803
112792
112785
112789
112780
112786
112796
112795
112790
112792
112776
112754
112751
112764
112761
112763
112767
112757
112765
112759
112776
112768
112772
112773
112784
112810
112823
112834
112837
112823
112817
112818
112821
112830
112816
112798
112796
112806
112811
112798
112792
112777
112786
112789
112781
112775
112781
112781
112769
112768
112772
112763
112771
112770
112764
112762
112760
112768
112764
112760
112766
112760
112762
112761
112775
112770
112756
112766
112747
112737
112749
112744
112729
112718
112736
112738
112740
112739
112727
112706
112708
112705
112712
112699
112708
112704
112705
112699
112692
112701
112703
112699
112703
112700
112691
112696
112695
112709
112705
112704
112709
112696
112698
112693
112683
112675
112675
112678
112680
112676
112672
112682
112680
112652
112646
112642
112639
112634
112633
112642
112639
112640
112634
112635
112630
112631
112636
112638
112661
112674
112658
112659
112661
112645
112644
112632
112621
112621
112613
112607
112609
112600
112597
112604
112599
112603
112590
112586
112589
112588
112582
112592
112581
112577
112536
112511
112496
112483
112484
112484
112483
112467
112454
112444
112469
112496
112503
112511
112516
112517
112528
112534
112547
112546
112552
112536
112524
112511
112507
112531
112540
112532
112540
112528
112515
112511
112508
112508
112508
112508
112480
112476
112493
112496
112493
112487
112489
112479
112484
112492
112498
112503
112514
112534
112532
112545
112542
112544
112531
112535
112527
112531
112531
112547
112554
112557
112559
112576
112603
112624
112660
112694
112698
112698
112681
112651
112651
112616
112610
112606
112604
112611
112607
112624
112643
112640
112644
112647
112623
112627
112607
112603
112595
112587
112583
112576
112576
112572
112588
112583
112596
112595
112601
112596
112597
112592
112573
112571
112571
112567
112570
112578
112579
112583
112575
112582
112602
112594
112611
112609
112574
112538
112569
112577
112566
112557
112580
112571
112582
112589
112616
112622
112618
112614
112605
112609
112605
112590
112578
112583
112563
112569
112571
112577
112560
112534
112557
112602
112627
112623
112617
112611
112609
112625
112626
112633
112635
112639
112633
112642
112631
112615
112585
112591
112592
112613
112611
112614
112625
112608
112602
112590
112595
112590
112593
112588
112587
112595
112597
112591
112583
112595
112621
112643
112652
112662
112663
112650
112650
112632
112606
112602
112588
112576
112572
112574
112563
112561
112576
112588
112571
112552
112555
112566
112587
112590
112585
112568
112558
112538
112538
112553
112553
112553
112580
112587
112607
112617
112619
112638
112642
112656
112676
112667
112657
112672
112688
112693
112717
112723
112731
112728
112720
112708
112707
112707
112701
112695
112671
112658
112646
112645
112635
112626
112635
112623
112623
112632
112634
112638
112645
112635
112631
112627
112622
112603
112604
112600
112595
112589
112581
112582
112590
112596
112613
112603
112601
112596
112596
112589
112583
112578
112589
112583
112576
112582
112587
112592
112586
112592
112595
112585
112594
112595
112586
112591
112571
112593
112585
112591
112605
112611
112613
112613
112616
112619
112616
112617
112622
112635
112653
112655
112651
112646
112618
112608
112601
112613
112607
112614
112614
112614
112613
112610
112610
112613
112626
112616
112622
112618
112622
112616
112634
112643
112658
112667
112683
112702
112714
112716
112726
112729
112735
112725
112720
112706
112717
112713
112726
112717
112724
112726
112726
112721
112723
112714
112705
112714
112714
112708
112715
112713
112712
112702
112708
112707
112719
112731
112736
112753
112760
112751
112752
112751
112751
112745
112746
112750
112737
112741
112730
112723
112712
112716
112706
112700
112701
112693
112694
112678
112678
112674
112676
112661
112659
112638
112628
112615
112596
112586
112574
112572
112561
112560
112556
112551
112545
112538
112540
112536
112534
112528
112536
112529
112521
112528
112514
112519
112530
112538
112529
112528
112521
112516
112514
112519
112523
112522
112530
112542
112566
112571
112582
112585
112592
112608
112610
112625
112637
112636
112650
112664
112769
112967
113167
113366
113488
113510
113496
113473
113439
113402
113354
113327
113290
113270
113237
113160
113070
112985
112963
112941
112935
112934
112941
112938
112934
112929
112927
112897
112870
112835
112755
112743
112783
112888
112982
113003
113111
113271
113425
113492
113522
113510
113505
113506
113499
113450
113385
113317
113234
113144
113003
112864
112639
112534
112522
112522
112539
112558
112577
112585
112590
112610
112636
112654
112677
112695
112694
112683
112685
112660
112650
112624
112613
112612
112610
112615
112619
112626
112618
112622
112631
112621
112616
112614
112613
112623
112601
112617
112619
112623
112617
112617
112625
112585
112523
112552
112552
112518
112506
112489
112473
112464
112462
112441
112418
112391
112383
112376
112380
112385
112386
112399
112421
112403
112411
112418
112435
112426
112440
112451
112456
112443
112457
112450
112450
112438
112469
112493
112483
112473
112461
112466
112458
112477
112491
112509
112490
112481
112463
112469
112484
112464
112465
112495
112479
112466
112451
112442
112456
112446
112453
112479
112481
112456
112429
112418
112414
112410
112413
112421
112435
112415
112394
112374
112367
112382
112369
112373
112386
112414
112389
112373
112360
112362
112369
112362
112378
112410
112400
112380
112363
112339
112342
112337
112325
112335
112354
112364
112351
112320
112312
112327
112330
112318
112309
112335
112348
112338
112322
112306
112306
112300
112301
112313
112346
112378
112360
112329
112295
112312
112330
112333
112339
112381
112394
112384
112397
112391
112400
112399
112395
112401
112396
112392
112390
112399
112388
112422
112448
112447
112445
112406
112384
112350
112315
112323
112338
112364
112379
112424
112439
112424
112434
112420
112426
112413
112414
112401
112403
112410
112397
112395
112395
112393
112382
112385
112363
112372
112367
112376
112386
112382
112369
112358
112380
112385
112371
112356
112326
112312
112325
112345
112348
112332
112321
112312
112301
112289
112301
112291
112280
112275
112263
112267
112273
112270
112274
112270
112259
112260
112246
112252
112242
112245
112264
112284
112296
112300
112300
112282
112256
112248
112239
112223
112237
112252
112264
112278
112267
112268
112262
112263
112256
112269
112268
112279
112301
112304
112307
112301
112270
112244
112240
112239
112260
112283
112287
112265
112257
112247
112234
112251
112242
112231
112227
112222
112237
112241
112239
112237
112245
112250
112266
112263
112255
112258
112256
112249
112245
112240
112232
112224
112223
