81942
130469
132852
132880
132844
132847
132836
132843
132858
132847
132850
132836
132826
132805
132809
132793
132794
132780
132791
132803
132807
132818
132817
132827
132841
132864
132873
132873
132886
132878
132877
132865
132864
132888
132877
132877
132890
132897
132897
132911
132919
132898
132895
132914
132906
132910
132916
132885
132860
132848
132850
132858
132857
132853
132865
132853
132844
132873
132883
132869
132878
132883
132872
132867
132859
132848
132830
132831
132833
132823
132837
132836
132843
132838
132830
132825
132812
132803
132814
132825
132814
132819
132818
132812
132808
132809
132813
132821
132823
132836
132864
132884
132884
132896
132884
132880
132889
132891
132902
132890
132887
132876
132876
132871
132874
132874
132867
132858
132870
132872
132863
132877
132878
132866
132877
132875
132869
132870
132873
132873
132877
132870
132860
132860
132853
132873
132875
132873
132883
132890
132882
132883
132896
132884
132869
132883
132887
132872
132878
132871
132858
132873
132875
132859
132849
132855
132852
132852
132849
132845
132850
132855
132848
132849
132840
132856
132860
132858
132843
132835
132842
132854
132858
132864
132855
132867
132859
132860
132861
132843
132845
132845
132853
132853
132852
132845
132854
132837
132826
132822
132828
132819
132822
132818
132828
132826
132824
132826
132830
132824
132827
132841
132842
132859
132876
132873
132868
132865
132854
132843
132834
132836
132826
132825
132824
132820
132820
132819
132818
132817
132831
132833
132828
132825
132836
132820
132831
132834
132817
132788
132753
132734
132740
132738
132741
132739
132710
132713
132700
132719
132745
132762
132756
132773
132775
132792
132806
132814
132799
132805
132794
132788
132780
132788
132796
132809
132819
132818
132813
132799
132800
132793
132798
132799
132798
132757
132747
132755
132762
132778
132774
132765
132759
132762
132775
132782
132785
132807
132827
132826
132847
132847
132827
132823
132828
132836
132829
132844
132845
132868
132865
132879
132893
132921
132948
132987
133040
133048
133035
133020
133011
133001
132975
132959
132959
132970
132956
132978
132988
133008
133010
133012
133014
133007
132986
132968
132973
132968
132960
132946
132955
132951
132948
132953
132963
132971
132982
132987
132989
132988
132965
132943
132941
132943
132944
132948
132949
132955
132964
132972
132985
132993
132998
133010
133013
132976
132952
132963
132959
132947
132952
132966
132964
132977
132976
133002
133025
133024
133025
133025
133018
133024
133010
133005
132994
132958
132974
132974
132986
132976
132957
132976
133028
133048
133060
133047
133052
133050
133064
133068
133086
133088
133071
133064
133072
133076
133060
133054
133039
133048
133055
133073
133081
133095
133077
133085
133086
133089
133078
133058
133052
133062
133073
133079
133074
133074
133080
133124
133148
133145
133173
133171
133164
133176
133160
133122
133109
133105
133104
133106
133102
133102
133083
133110
133123
133114
133107
133104
133118
133135
133149
133123
133104
133107
133098
133099
133115
133120
133119
133131
133154
133179
133192
133212
133231
133245
133246
133266
133254
133250
133282
133295
133319
133331
133358
133370
133366
133373
133365
133357
133358
133363
133357
133335
133319
133290
133299
133299
133297
133298
133290
133299
133291
133301
133307
133312
133316
133309
133305
133309
133296
133282
133272
133263
133267
133260
133259
133273
133280
133286
133289
133293
133292
133294
133291
133297
133280
133281
133292
133270
133263
133290
133291
133293
133289
133307
133292
133305
133308
133309
133291
133294
133301
133300
133314
133326
133329
133333
133327
133318
133332
133332
133344
133359
133367
133382
133388
133393
133391
133370
133371
133353
133369
133366
133380
133374
133381
133358
133345
133360
133380
133380
133391
133388
133388
133390
133384
133401
133419
133439
133462
133478
133508
133521
133532
133556
133555
133549
133551
133560
133551
133556
133556
133569
133578
133591
133579
133581
133590
133585
133589
133582
133596
133586
133584
133582
133575
133582
133577
133595
133598
133609
133624
133635
133646
133651
133654
133662
133669
133672
133670
133668
133667
133656
133664
133661
133658
133651
133650
133645
133646
133650
133634
133624
133633
133631
133627
133623
133634
133609
133594
133570
133564
133543
133535
133523
133510
133507
133506
133501
133501
133502
133489
133500
133495
133481
133481
133475
133451
133450
133450
133458
133468
133477
133477
133473
133479
133476
133472
133478
133475
133482
133488
133500
133512
133519
133523
133540
133563
133568
133585
133597
133613
133622
133639
133653
133684
133807
134112
134450
134775
134996
135069
135072
135058
135023
134965
134920
134873
134837
134798
134750
134643
134520
134392
134348
134319
134298
134299
134294
134297
134296
134293
134284
134242
134211
134154
134050
134023
134056
134182
134327
134372
134540
134800
135054
135200
135277
135287
135285
135295
135287
135243
135158
135064
134947
134806
134589
134381
134077
133897
133841
133847
133829
133859
133867
133876
133882
133899
133907
133932
133970
133984
133998
134002
133985
133948
133948
133932
133911
133912
133905
133916
133915
133913
133915
133899
133898
133892
133900
133895
133891
133895
133888
133897
133912
133903
133909
133907
133906
133872
133816
133839
133836
133816
133813
133792
133771
133761
133745
133716
133686
133662
133653
133641
133636
133634
133629
133654
133660
133653
133655
133670
133685
133689
133696
133708
133720
133711
133712
133705
133709
133702
133743
133767
133775
133762
133749
133750
133769
133769
133793
133808
133800
133779
133775
133776
133769
133755
133758
133783
133781
133767
133759
133760
133768
133758
133771
133804
133811
133785
133765
133756
133749
133738
133724
133734
133748
133743
133718
133713
133695
133696
133698
133699
133726
133753
133724
133717
133704
133704
133721
133709
133708
133730
133729
133716
133699
133675
133679
133673
133670
133669
133700
133715
133696
133679
133662
133666
133685
133671
133670
133686
133699
133674
133658
133654
133643
133651
133643
133666
133697
133732
133708
133684
133660
133667
133677
133686
133701
133741
133766
133754
133746
133745
133751
133763
133765
133756
133759
133752
133753
133775
133766
133796
133825
133828
133823
133809
133779
133729
133690
133704
133732
133746
133774
133821
133838
133828
133835
133835
133834
133829
133821
133831
133817
133814
133793
133793
133797
133802
133799
133797
133787
133795
133780
133792
133805
133800
133793
133788
133805
133808
133789
133760
133742
133724
133724
133753
133754
133740
133731
133732
133727
133723
133718
133718
133710
133704
133686
133676
133673
133667
133678
133689
133674
133671
133663
133675
133667
133669
133691
133720
133725
133743
133730
133695
133670
133669
133660
133656
133656
133679
133686
133703
133702
133695
133697
133696
133693
133700
133709
133722
133720
133731
133735
133738
133715
133693
133680
133685
133722
133731
133749
133725
133717
133701
133704
133709
133679
133680
133686
133678
133692
133693
133695
133689
133705
133707
133706
133717
133715
133734
133719
133707
133706
133694
133693
133684
133685
